added manifest
adding: MessagesBundle_en.properties(in = 908) (out= 464)(deflated 48%)
adding: MessagesBundle_fr.properties(in = 933) (out= 534)(deflated 42%)
adding: controller_/(in = 0) (out= 0)(stored 0%)
adding: controller_/GameController$1.class(in = 568) (out= 352)(deflated 38%)
adding: controller_/GameController$10$1.class(in = 2181) (out= 1098)(deflated 49%)
adding: controller_/GameController$10.class(in = 2576) (out= 1394)(deflated 45%)
adding: controller_/GameController$2.class(in = 1392) (out= 735)(deflated 47%)
adding: controller_/GameController$3.class(in = 957) (out= 545)(deflated 43%)
adding: controller_/GameController$4.class(in = 952) (out= 542)(deflated 43%)
adding: controller_/GameController$5.class(in = 950) (out= 540)(deflated 43%)
adding: controller_/GameController$6.class(in = 948) (out= 538)(deflated 43%)
adding: controller_/GameController$7.class(in = 2277) (out= 1202)(deflated 47%)
adding: controller_/GameController$8$1.class(in = 2307) (out= 1159)(deflated 49%)
adding: controller_/GameController$8.class(in = 2635) (out= 1432)(deflated 45%)
adding: controller_/GameController$9.class(in = 2536) (out= 1399)(deflated 44%)
adding: controller_/GameController.class(in = 9856) (out= 4656)(deflated 52%)
adding: gui_app/(in = 0) (out= 0)(stored 0%)
adding: gui_app/CrasyEigthsGame$1.class(in = 700) (out= 438)(deflated 37%)
adding: gui_app/CrasyEigthsGame.class(in = 1423) (out= 883)(deflated 37%)
adding: gui_app/GameObserver.class(in = 261) (out= 186)(deflated 28%)
adding: gui_app/SplashScreen$1.class(in = 965) (out= 597)(deflated 38%)
adding: gui_app/SplashScreen.class(in = 1901) (out= 1139)(deflated 40%)
adding: gui_app/UI_Frame$1.class(in = 1029) (out= 632)(deflated 38%)
adding: gui_app/UI_Frame.class(in = 23633) (out= 10930)(deflated 53%)
adding: model_/(in = 0) (out= 0)(stored 0%)
adding: model_/Card.class(in = 1436) (out= 659)(deflated 54%)
adding: model_/Deck.class(in = 2623) (out= 1397)(deflated 46%)
adding: model_/GameModel$GameState.class(in = 1371) (out= 743)(deflated 45%)
adding: model_/GameModel.class(in = 14921) (out= 7103)(deflated 52%)
adding: model_/Player.class(in = 2138) (out= 1148)(deflated 46%)
adding: resources/(in = 0) (out= 0)(stored 0%)
adding: resources/1c.png(in = 5948) (out= 5885)(deflated 1%)
adding: resources/1d.png(in = 10416) (out= 10421)(deflated 0%)
adding: resources/1h.png(in = 11927) (out= 11932)(deflated 0%)
adding: resources/1s.png(in = 4944) (out= 4949)(deflated 0%)
adding: resources/2c.png(in = 3125) (out= 3093)(deflated 1%)
adding: resources/2d.png(in = 5011) (out= 4950)(deflated 1%)
adding: resources/2h.png(in = 5457) (out= 5425)(deflated 0%)
adding: resources/2s.png(in = 2745) (out= 2690)(deflated 2%)
adding: resources/3c.png(in = 3484) (out= 3489)(deflated 0%)
adding: resources/3d.png(in = 5592) (out= 5597)(deflated 0%)
adding: resources/3h.png(in = 6825) (out= 6830)(deflated 0%)
adding: resources/3s.png(in = 3140) (out= 3145)(deflated 0%)
adding: resources/4c.png(in = 3808) (out= 3813)(deflated 0%)
adding: resources/4d.png(in = 6209) (out= 6165)(deflated 0%)
adding: resources/4h.png(in = 7386) (out= 7350)(deflated 0%)
adding: resources/4s.png(in = 3320) (out= 3285)(deflated 1%)
adding: resources/5c.png(in = 4223) (out= 4228)(deflated 0%)
adding: resources/5d.png(in = 7032) (out= 7037)(deflated 0%)
adding: resources/5h.png(in = 8461) (out= 8466)(deflated 0%)
adding: resources/5s.png(in = 3650) (out= 3655)(deflated 0%)
adding: resources/6c.png(in = 4650) (out= 4655)(deflated 0%)
adding: resources/6d.png(in = 8023) (out= 8028)(deflated 0%)
adding: resources/6h.png(in = 9491) (out= 9496)(deflated 0%)
adding: resources/6s.png(in = 3990) (out= 3995)(deflated 0%)
adding: resources/7c.png(in = 5430) (out= 5435)(deflated 0%)
adding: resources/7d.png(in = 8557) (out= 8562)(deflated 0%)
adding: resources/7h.png(in = 10214) (out= 10219)(deflated 0%)
adding: resources/7s.png(in = 4380) (out= 4385)(deflated 0%)
adding: resources/8c.png(in = 5746) (out= 5751)(deflated 0%)
adding: resources/8d.png(in = 9814) (out= 9819)(deflated 0%)
adding: resources/8h.png(in = 10941) (out= 10946)(deflated 0%)
adding: resources/8s.png(in = 4758) (out= 4763)(deflated 0%)
adding: resources/9c.png(in = 5947) (out= 5952)(deflated 0%)
adding: resources/9d.png(in = 10096) (out= 10101)(deflated 0%)
adding: resources/9h.png(in = 11540) (out= 11545)(deflated 0%)
adding: resources/9s.png(in = 4811) (out= 4816)(deflated 0%)
adding: resources/Ac.png(in = 2428) (out= 2433)(deflated 0%)
adding: resources/Ad.png(in = 4072) (out= 4077)(deflated 0%)
adding: resources/Ah.png(in = 4340) (out= 4345)(deflated 0%)
adding: resources/As.png(in = 2828) (out= 2833)(deflated 0%)
adding: resources/Jc.png(in = 13482) (out= 13487)(deflated 0%)
adding: resources/Jd.png(in = 14398) (out= 14403)(deflated 0%)
adding: resources/Jh.png(in = 14452) (out= 14457)(deflated 0%)
adding: resources/Js.png(in = 13323) (out= 13328)(deflated 0%)
adding: resources/Kc.png(in = 12756) (out= 12761)(deflated 0%)
adding: resources/Kd.png(in = 14771) (out= 14776)(deflated 0%)
adding: resources/Kh.png(in = 14879) (out= 14884)(deflated 0%)
adding: resources/Ks.png(in = 12924) (out= 12929)(deflated 0%)
adding: resources/Menb.png(in = 9033) (out= 7017)(deflated 22%)
adding: resources/Qc.png(in = 13361) (out= 13366)(deflated 0%)
adding: resources/Qd.png(in = 14505) (out= 14510)(deflated 0%)
adding: resources/Qh.png(in = 14242) (out= 14247)(deflated 0%)
adding: resources/Qs.png(in = 13473) (out= 13478)(deflated 0%)
adding: resources/Vector.png(in = 172960) (out= 171692)(deflated 0%)
adding: resources/back.png(in = 15064) (out= 15069)(deflated 0%)
adding: resources/back_2.png(in = 14190) (out= 14195)(deflated 0%)
adding: resources/bk_1.jpg(in = 65613) (out= 64995)(deflated 0%)
adding: resources/l1c.png(in = 754) (out= 759)(deflated 0%)
adding: resources/l1d.png(in = 1366) (out= 1371)(deflated 0%)
adding: resources/l1h.png(in = 1485) (out= 1490)(deflated 0%)
adding: resources/l1s.png(in = 731) (out= 736)(deflated 0%)
adding: resources/l2c.png(in = 859) (out= 864)(deflated 0%)
adding: resources/l2d.png(in = 1426) (out= 1431)(deflated 0%)
adding: resources/l2h.png(in = 1364) (out= 1369)(deflated 0%)
adding: resources/l2s.png(in = 830) (out= 835)(deflated 0%)
adding: resources/l3c.png(in = 806) (out= 811)(deflated 0%)
adding: resources/l3d.png(in = 1332) (out= 1337)(deflated 0%)
adding: resources/l3h.png(in = 1411) (out= 1416)(deflated 0%)
adding: resources/l3s.png(in = 798) (out= 803)(deflated 0%)
adding: resources/l4c.png(in = 969) (out= 974)(deflated 0%)
adding: resources/l4d.png(in = 1467) (out= 1472)(deflated 0%)
adding: resources/l4h.png(in = 1633) (out= 1638)(deflated 0%)
adding: resources/l4s.png(in = 886) (out= 891)(deflated 0%)
adding: resources/l5c.png(in = 794) (out= 799)(deflated 0%)
adding: resources/l5d.png(in = 1351) (out= 1356)(deflated 0%)
adding: resources/l5h.png(in = 1444) (out= 1449)(deflated 0%)
adding: resources/l5s.png(in = 740) (out= 745)(deflated 0%)
adding: resources/l6c.png(in = 829) (out= 834)(deflated 0%)
adding: resources/l6d.png(in = 1450) (out= 1455)(deflated 0%)
adding: resources/l6h.png(in = 1634) (out= 1639)(deflated 0%)
adding: resources/l6s.png(in = 801) (out= 806)(deflated 0%)
adding: resources/l7c.png(in = 959) (out= 964)(deflated 0%)
adding: resources/l7d.png(in = 1281) (out= 1286)(deflated 0%)
adding: resources/l7h.png(in = 1718) (out= 1723)(deflated 0%)
adding: resources/l7s.png(in = 905) (out= 910)(deflated 0%)
adding: resources/l8c.png(in = 1035) (out= 1040)(deflated 0%)
adding: resources/l8d.png(in = 1344) (out= 1349)(deflated 0%)
adding: resources/l8h.png(in = 1657) (out= 1662)(deflated 0%)
adding: resources/l8s.png(in = 931) (out= 936)(deflated 0%)
adding: resources/l9c.png(in = 865) (out= 870)(deflated 0%)
adding: resources/l9d.png(in = 1454) (out= 1459)(deflated 0%)
adding: resources/l9h.png(in = 1501) (out= 1506)(deflated 0%)
adding: resources/l9s.png(in = 867) (out= 872)(deflated 0%)
adding: resources/lAc.png(in = 787) (out= 792)(deflated 0%)
adding: resources/lAd.png(in = 1308) (out= 1313)(deflated 0%)
adding: resources/lAh.png(in = 1391) (out= 1396)(deflated 0%)
adding: resources/lAs.png(in = 764) (out= 769)(deflated 0%)
adding: resources/lJc.png(in = 1170) (out= 1175)(deflated 0%)
adding: resources/lJd.png(in = 1636) (out= 1641)(deflated 0%)
adding: resources/lJh.png(in = 1542) (out= 1547)(deflated 0%)
adding: resources/lJs.png(in = 1179) (out= 1184)(deflated 0%)
adding: resources/lKc.png(in = 1271) (out= 1276)(deflated 0%)
adding: resources/lKd.png(in = 1969) (out= 1974)(deflated 0%)
adding: resources/lKh.png(in = 2028) (out= 2033)(deflated 0%)
adding: resources/lKs.png(in = 1357) (out= 1362)(deflated 0%)
adding: resources/lQc.png(in = 1308) (out= 1313)(deflated 0%)
adding: resources/lQd.png(in = 1725) (out= 1730)(deflated 0%)
adding: resources/lQh.png(in = 1759) (out= 1764)(deflated 0%)
adding: resources/lQs.png(in = 1238) (out= 1243)(deflated 0%)
adding: resources/lback.png(in = 2209) (out= 2214)(deflated 0%)
adding: resources/lback_2.png(in = 1991) (out= 1996)(deflated 0%)
